<?xml version="1.0" encoding="UTF-8"?>
<!-- Generated by org.testng.reporters.JUnitReportReporter -->
<testsuite hostname="DESKTOP-2JV8DGV" failures="0" tests="1" name="tests.jsonSchemaValidator" time="4.518" errors="0" timestamp="2021-10-20T14:12:47 IST" skipped="0">
  <testcase classname="tests.jsonSchemaValidator" name="test_get" time="4.518"/>
  <system-out/>
</testsuite> <!-- tests.jsonSchemaValidator -->
