<?xml version="1.0" encoding="UTF-8"?>
<!-- Generated by org.testng.reporters.JUnitReportReporter -->
<testsuite hostname="DESKTOP-2JV8DGV" failures="0" tests="1" name="tests.PutPatchDelete" time="5.358" errors="0" timestamp="2021-10-21T14:18:31 IST" skipped="0">
  <testcase classname="tests.PutPatchDelete" name="test_Delete" time="5.358"/>
  <system-out/>
</testsuite> <!-- tests.PutPatchDelete -->
