<?xml version="1.0" encoding="UTF-8"?>
<!-- Generated by org.testng.reporters.JUnitReportReporter -->
<testsuite hostname="DESKTOP-2JV8DGV" failures="0" tests="1" name="tests.SoapXmlrequest" time="19.575" errors="0" timestamp="2021-10-21T11:57:38 IST" skipped="0">
  <testcase classname="tests.SoapXmlrequest" name="validate_soapXML" time="19.575"/>
  <system-out/>
</testsuite> <!-- tests.SoapXmlrequest -->
