<?xml version="1.0" encoding="UTF-8"?>
<!-- Generated by org.testng.reporters.JUnitReportReporter -->
<testsuite hostname="DESKTOP-2JV8DGV" failures="0" tests="1" name="tests.TestExample" time="6.431" errors="0" timestamp="2021-10-21T18:45:37 IST" skipped="0">
  <testcase classname="tests.TestExample" name="test_respbody" time="6.431"/>
  <system-out/>
</testsuite> <!-- tests.TestExample -->
