<?xml version="1.0" encoding="UTF-8"?>
<!-- Generated by org.testng.reporters.JUnitReportReporter -->
<testsuite hostname="DESKTOP-2JV8DGV" failures="0" tests="2" name="tests.LocalApiTest" time="3.578" errors="0" timestamp="2021-10-19T15:37:44 IST" skipped="0">
  <testcase classname="tests.LocalApiTest" name="getreq" time="3.458"/>
  <system-out/>
  <testcase classname="tests.LocalApiTest" name="patchreq_update" time="0.120"/>
  <system-out/>
</testsuite> <!-- tests.LocalApiTest -->
